The system is: Darwin - 13.4.0 - x86_64
Compiling the CXX compiler identification source file "CMakeCXXCompilerId.cpp" succeeded.
Compiler: /usr/bin/g++ 
Build flags: 
Id flags: 

The output was:
0


Compilation of the CXX compiler identification source "CMakeCXXCompilerId.cpp" produced "a.out"

The CXX compiler identification is AppleClang, found in "/Users/gustaffjaestad/Documents/Programmering/LEGO/opencv-2.4.9/build/CMakeFiles/3.0.2/CompilerIdCXX/a.out"

Compiling the C compiler identification source file "CMakeCCompilerId.c" succeeded.
Compiler: /usr/bin/gcc 
Build flags: 
Id flags: 

The output was:
0


Compilation of the C compiler identification source "CMakeCCompilerId.c" produced "a.out"

The C compiler identification is AppleClang, found in "/Users/gustaffjaestad/Documents/Programmering/LEGO/opencv-2.4.9/build/CMakeFiles/3.0.2/CompilerIdC/a.out"

Determining if the CXX compiler works passed with the following output:
Change Dir: /Users/gustaffjaestad/Documents/Programmering/LEGO/opencv-2.4.9/build/CMakeFiles/CMakeTmp

Run Build Command:"/usr/bin/make" "cmTryCompileExec366791617/fast"
/Applications/Xcode.app/Contents/Developer/usr/bin/make -f CMakeFiles/cmTryCompileExec366791617.dir/build.make CMakeFiles/cmTryCompileExec366791617.dir/build
/Applications/CMake.app/Contents/bin/cmake -E cmake_progress_report /Users/gustaffjaestad/Documents/Programmering/LEGO/opencv-2.4.9/build/CMakeFiles/CMakeTmp/CMakeFiles 1
Building CXX object CMakeFiles/cmTryCompileExec366791617.dir/testCXXCompiler.cxx.o
/usr/bin/g++    -isysroot /Applications/Xcode.app/Contents/Developer/Platforms/MacOSX.platform/Developer/SDKs/MacOSX10.9.sdk   -o CMakeFiles/cmTryCompileExec366791617.dir/testCXXCompiler.cxx.o -c /Users/gustaffjaestad/Documents/Programmering/LEGO/opencv-2.4.9/build/CMakeFiles/CMakeTmp/testCXXCompiler.cxx
Linking CXX executable cmTryCompileExec366791617
/Applications/CMake.app/Contents/bin/cmake -E cmake_link_script CMakeFiles/cmTryCompileExec366791617.dir/link.txt --verbose=1
/usr/bin/g++     -isysroot /Applications/Xcode.app/Contents/Developer/Platforms/MacOSX.platform/Developer/SDKs/MacOSX10.9.sdk -Wl,-search_paths_first -Wl,-headerpad_max_install_names   CMakeFiles/cmTryCompileExec366791617.dir/testCXXCompiler.cxx.o  -o cmTryCompileExec366791617  


Detecting CXX compiler ABI info compiled with the following output:
Change Dir: /Users/gustaffjaestad/Documents/Programmering/LEGO/opencv-2.4.9/build/CMakeFiles/CMakeTmp

Run Build Command:"/usr/bin/make" "cmTryCompileExec696237846/fast"
/Applications/Xcode.app/Contents/Developer/usr/bin/make -f CMakeFiles/cmTryCompileExec696237846.dir/build.make CMakeFiles/cmTryCompileExec696237846.dir/build
/Applications/CMake.app/Contents/bin/cmake -E cmake_progress_report /Users/gustaffjaestad/Documents/Programmering/LEGO/opencv-2.4.9/build/CMakeFiles/CMakeTmp/CMakeFiles 1
Building CXX object CMakeFiles/cmTryCompileExec696237846.dir/CMakeCXXCompilerABI.cpp.o
/usr/bin/g++    -isysroot /Applications/Xcode.app/Contents/Developer/Platforms/MacOSX.platform/Developer/SDKs/MacOSX10.9.sdk   -o CMakeFiles/cmTryCompileExec696237846.dir/CMakeCXXCompilerABI.cpp.o -c /Applications/CMake.app/Contents/share/cmake-3.0/Modules/CMakeCXXCompilerABI.cpp
Linking CXX executable cmTryCompileExec696237846
/Applications/CMake.app/Contents/bin/cmake -E cmake_link_script CMakeFiles/cmTryCompileExec696237846.dir/link.txt --verbose=1
/usr/bin/g++     -isysroot /Applications/Xcode.app/Contents/Developer/Platforms/MacOSX.platform/Developer/SDKs/MacOSX10.9.sdk -Wl,-search_paths_first -Wl,-headerpad_max_install_names -v -Wl,-v CMakeFiles/cmTryCompileExec696237846.dir/CMakeCXXCompilerABI.cpp.o  -o cmTryCompileExec696237846   
Apple LLVM version 5.1 (clang-503.0.40) (based on LLVM 3.4svn)
Target: x86_64-apple-darwin13.4.0
Thread model: posix
 "/Applications/Xcode.app/Contents/Developer/Toolchains/XcodeDefault.xctoolchain/usr/bin/ld" -demangle -dynamic -arch x86_64 -macosx_version_min 10.9.0 -syslibroot /Applications/Xcode.app/Contents/Developer/Platforms/MacOSX.platform/Developer/SDKs/MacOSX10.9.sdk -o cmTryCompileExec696237846 -search_paths_first -headerpad_max_install_names -v CMakeFiles/cmTryCompileExec696237846.dir/CMakeCXXCompilerABI.cpp.o -lc++ -lSystem /Applications/Xcode.app/Contents/Developer/Toolchains/XcodeDefault.xctoolchain/usr/bin/../lib/clang/5.1/lib/darwin/libclang_rt.osx.a
@(#)PROGRAM:ld  PROJECT:ld64-236.4
configured to support archs: armv6 armv7 armv7s arm64 i386 x86_64 armv6m armv7m armv7em
Library search paths:
	/Applications/Xcode.app/Contents/Developer/Platforms/MacOSX.platform/Developer/SDKs/MacOSX10.9.sdk/usr/lib
Framework search paths:
	/Applications/Xcode.app/Contents/Developer/Platforms/MacOSX.platform/Developer/SDKs/MacOSX10.9.sdk/System/Library/Frameworks/


Parsed CXX implicit link information from above output:
  link line regex: [^( *|.*[/\])(ld|([^/\]+-)?ld|collect2)[^/\]*( |$)]
  ignore line: [Change Dir: /Users/gustaffjaestad/Documents/Programmering/LEGO/opencv-2.4.9/build/CMakeFiles/CMakeTmp]
  ignore line: []
  ignore line: [Run Build Command:"/usr/bin/make" "cmTryCompileExec696237846/fast"]
  ignore line: [/Applications/Xcode.app/Contents/Developer/usr/bin/make -f CMakeFiles/cmTryCompileExec696237846.dir/build.make CMakeFiles/cmTryCompileExec696237846.dir/build]
  ignore line: [/Applications/CMake.app/Contents/bin/cmake -E cmake_progress_report /Users/gustaffjaestad/Documents/Programmering/LEGO/opencv-2.4.9/build/CMakeFiles/CMakeTmp/CMakeFiles 1]
  ignore line: [Building CXX object CMakeFiles/cmTryCompileExec696237846.dir/CMakeCXXCompilerABI.cpp.o]
  ignore line: [/usr/bin/g++    -isysroot /Applications/Xcode.app/Contents/Developer/Platforms/MacOSX.platform/Developer/SDKs/MacOSX10.9.sdk   -o CMakeFiles/cmTryCompileExec696237846.dir/CMakeCXXCompilerABI.cpp.o -c /Applications/CMake.app/Contents/share/cmake-3.0/Modules/CMakeCXXCompilerABI.cpp]
  ignore line: [Linking CXX executable cmTryCompileExec696237846]
  ignore line: [/Applications/CMake.app/Contents/bin/cmake -E cmake_link_script CMakeFiles/cmTryCompileExec696237846.dir/link.txt --verbose=1]
  ignore line: [/usr/bin/g++     -isysroot /Applications/Xcode.app/Contents/Developer/Platforms/MacOSX.platform/Developer/SDKs/MacOSX10.9.sdk -Wl,-search_paths_first -Wl,-headerpad_max_install_names -v -Wl,-v CMakeFiles/cmTryCompileExec696237846.dir/CMakeCXXCompilerABI.cpp.o  -o cmTryCompileExec696237846   ]
  ignore line: [Apple LLVM version 5.1 (clang-503.0.40) (based on LLVM 3.4svn)]
  ignore line: [Target: x86_64-apple-darwin13.4.0]
  ignore line: [Thread model: posix]
  link line: [ "/Applications/Xcode.app/Contents/Developer/Toolchains/XcodeDefault.xctoolchain/usr/bin/ld" -demangle -dynamic -arch x86_64 -macosx_version_min 10.9.0 -syslibroot /Applications/Xcode.app/Contents/Developer/Platforms/MacOSX.platform/Developer/SDKs/MacOSX10.9.sdk -o cmTryCompileExec696237846 -search_paths_first -headerpad_max_install_names -v CMakeFiles/cmTryCompileExec696237846.dir/CMakeCXXCompilerABI.cpp.o -lc++ -lSystem /Applications/Xcode.app/Contents/Developer/Toolchains/XcodeDefault.xctoolchain/usr/bin/../lib/clang/5.1/lib/darwin/libclang_rt.osx.a]
    arg [/Applications/Xcode.app/Contents/Developer/Toolchains/XcodeDefault.xctoolchain/usr/bin/ld] ==> ignore
    arg [-demangle] ==> ignore
    arg [-dynamic] ==> ignore
    arg [-arch] ==> ignore
    arg [x86_64] ==> ignore
    arg [-macosx_version_min] ==> ignore
    arg [10.9.0] ==> ignore
    arg [-syslibroot] ==> ignore
    arg [/Applications/Xcode.app/Contents/Developer/Platforms/MacOSX.platform/Developer/SDKs/MacOSX10.9.sdk] ==> ignore
    arg [-o] ==> ignore
    arg [cmTryCompileExec696237846] ==> ignore
    arg [-search_paths_first] ==> ignore
    arg [-headerpad_max_install_names] ==> ignore
    arg [-v] ==> ignore
    arg [CMakeFiles/cmTryCompileExec696237846.dir/CMakeCXXCompilerABI.cpp.o] ==> ignore
    arg [-lc++] ==> lib [c++]
    arg [-lSystem] ==> lib [System]
    arg [/Applications/Xcode.app/Contents/Developer/Toolchains/XcodeDefault.xctoolchain/usr/bin/../lib/clang/5.1/lib/darwin/libclang_rt.osx.a] ==> lib [/Applications/Xcode.app/Contents/Developer/Toolchains/XcodeDefault.xctoolchain/usr/bin/../lib/clang/5.1/lib/darwin/libclang_rt.osx.a]
  Library search paths: [;/Applications/Xcode.app/Contents/Developer/Platforms/MacOSX.platform/Developer/SDKs/MacOSX10.9.sdk/usr/lib]
  Framework search paths: [;/Applications/Xcode.app/Contents/Developer/Platforms/MacOSX.platform/Developer/SDKs/MacOSX10.9.sdk/System/Library/Frameworks/]
  remove lib [System]
  collapse lib [/Applications/Xcode.app/Contents/Developer/Toolchains/XcodeDefault.xctoolchain/usr/bin/../lib/clang/5.1/lib/darwin/libclang_rt.osx.a] ==> [/Applications/Xcode.app/Contents/Developer/Toolchains/XcodeDefault.xctoolchain/usr/lib/clang/5.1/lib/darwin/libclang_rt.osx.a]
  collapse library dir [/Applications/Xcode.app/Contents/Developer/Platforms/MacOSX.platform/Developer/SDKs/MacOSX10.9.sdk/usr/lib] ==> [/Applications/Xcode.app/Contents/Developer/Platforms/MacOSX.platform/Developer/SDKs/MacOSX10.9.sdk/usr/lib]
  collapse framework dir [/Applications/Xcode.app/Contents/Developer/Platforms/MacOSX.platform/Developer/SDKs/MacOSX10.9.sdk/System/Library/Frameworks/] ==> [/Applications/Xcode.app/Contents/Developer/Platforms/MacOSX.platform/Developer/SDKs/MacOSX10.9.sdk/System/Library/Frameworks]
  implicit libs: [c++;/Applications/Xcode.app/Contents/Developer/Toolchains/XcodeDefault.xctoolchain/usr/lib/clang/5.1/lib/darwin/libclang_rt.osx.a]
  implicit dirs: [/Applications/Xcode.app/Contents/Developer/Platforms/MacOSX.platform/Developer/SDKs/MacOSX10.9.sdk/usr/lib]
  implicit fwks: [/Applications/Xcode.app/Contents/Developer/Platforms/MacOSX.platform/Developer/SDKs/MacOSX10.9.sdk/System/Library/Frameworks]


Determining if the C compiler works passed with the following output:
Change Dir: /Users/gustaffjaestad/Documents/Programmering/LEGO/opencv-2.4.9/build/CMakeFiles/CMakeTmp

Run Build Command:"/usr/bin/make" "cmTryCompileExec3548107514/fast"
/Applications/Xcode.app/Contents/Developer/usr/bin/make -f CMakeFiles/cmTryCompileExec3548107514.dir/build.make CMakeFiles/cmTryCompileExec3548107514.dir/build
/Applications/CMake.app/Contents/bin/cmake -E cmake_progress_report /Users/gustaffjaestad/Documents/Programmering/LEGO/opencv-2.4.9/build/CMakeFiles/CMakeTmp/CMakeFiles 1
Building C object CMakeFiles/cmTryCompileExec3548107514.dir/testCCompiler.c.o
/usr/bin/gcc   -isysroot /Applications/Xcode.app/Contents/Developer/Platforms/MacOSX.platform/Developer/SDKs/MacOSX10.9.sdk   -o CMakeFiles/cmTryCompileExec3548107514.dir/testCCompiler.c.o   -c /Users/gustaffjaestad/Documents/Programmering/LEGO/opencv-2.4.9/build/CMakeFiles/CMakeTmp/testCCompiler.c
Linking C executable cmTryCompileExec3548107514
/Applications/CMake.app/Contents/bin/cmake -E cmake_link_script CMakeFiles/cmTryCompileExec3548107514.dir/link.txt --verbose=1
/usr/bin/gcc    -isysroot /Applications/Xcode.app/Contents/Developer/Platforms/MacOSX.platform/Developer/SDKs/MacOSX10.9.sdk -Wl,-search_paths_first -Wl,-headerpad_max_install_names   CMakeFiles/cmTryCompileExec3548107514.dir/testCCompiler.c.o  -o cmTryCompileExec3548107514  


Detecting C compiler ABI info compiled with the following output:
Change Dir: /Users/gustaffjaestad/Documents/Programmering/LEGO/opencv-2.4.9/build/CMakeFiles/CMakeTmp

Run Build Command:"/usr/bin/make" "cmTryCompileExec1109016129/fast"
/Applications/Xcode.app/Contents/Developer/usr/bin/make -f CMakeFiles/cmTryCompileExec1109016129.dir/build.make CMakeFiles/cmTryCompileExec1109016129.dir/build
/Applications/CMake.app/Contents/bin/cmake -E cmake_progress_report /Users/gustaffjaestad/Documents/Programmering/LEGO/opencv-2.4.9/build/CMakeFiles/CMakeTmp/CMakeFiles 1
Building C object CMakeFiles/cmTryCompileExec1109016129.dir/CMakeCCompilerABI.c.o
/usr/bin/gcc   -isysroot /Applications/Xcode.app/Contents/Developer/Platforms/MacOSX.platform/Developer/SDKs/MacOSX10.9.sdk   -o CMakeFiles/cmTryCompileExec1109016129.dir/CMakeCCompilerABI.c.o   -c /Applications/CMake.app/Contents/share/cmake-3.0/Modules/CMakeCCompilerABI.c
Linking C executable cmTryCompileExec1109016129
/Applications/CMake.app/Contents/bin/cmake -E cmake_link_script CMakeFiles/cmTryCompileExec1109016129.dir/link.txt --verbose=1
/usr/bin/gcc    -isysroot /Applications/Xcode.app/Contents/Developer/Platforms/MacOSX.platform/Developer/SDKs/MacOSX10.9.sdk -Wl,-search_paths_first -Wl,-headerpad_max_install_names -v -Wl,-v CMakeFiles/cmTryCompileExec1109016129.dir/CMakeCCompilerABI.c.o  -o cmTryCompileExec1109016129   
Apple LLVM version 5.1 (clang-503.0.40) (based on LLVM 3.4svn)
Target: x86_64-apple-darwin13.4.0
Thread model: posix
 "/Applications/Xcode.app/Contents/Developer/Toolchains/XcodeDefault.xctoolchain/usr/bin/ld" -demangle -dynamic -arch x86_64 -macosx_version_min 10.9.0 -syslibroot /Applications/Xcode.app/Contents/Developer/Platforms/MacOSX.platform/Developer/SDKs/MacOSX10.9.sdk -o cmTryCompileExec1109016129 -search_paths_first -headerpad_max_install_names -v CMakeFiles/cmTryCompileExec1109016129.dir/CMakeCCompilerABI.c.o -lSystem /Applications/Xcode.app/Contents/Developer/Toolchains/XcodeDefault.xctoolchain/usr/bin/../lib/clang/5.1/lib/darwin/libclang_rt.osx.a
@(#)PROGRAM:ld  PROJECT:ld64-236.4
configured to support archs: armv6 armv7 armv7s arm64 i386 x86_64 armv6m armv7m armv7em
Library search paths:
	/Applications/Xcode.app/Contents/Developer/Platforms/MacOSX.platform/Developer/SDKs/MacOSX10.9.sdk/usr/lib
Framework search paths:
	/Applications/Xcode.app/Contents/Developer/Platforms/MacOSX.platform/Developer/SDKs/MacOSX10.9.sdk/System/Library/Frameworks/


Parsed C implicit link information from above output:
  link line regex: [^( *|.*[/\])(ld|([^/\]+-)?ld|collect2)[^/\]*( |$)]
  ignore line: [Change Dir: /Users/gustaffjaestad/Documents/Programmering/LEGO/opencv-2.4.9/build/CMakeFiles/CMakeTmp]
  ignore line: []
  ignore line: [Run Build Command:"/usr/bin/make" "cmTryCompileExec1109016129/fast"]
  ignore line: [/Applications/Xcode.app/Contents/Developer/usr/bin/make -f CMakeFiles/cmTryCompileExec1109016129.dir/build.make CMakeFiles/cmTryCompileExec1109016129.dir/build]
  ignore line: [/Applications/CMake.app/Contents/bin/cmake -E cmake_progress_report /Users/gustaffjaestad/Documents/Programmering/LEGO/opencv-2.4.9/build/CMakeFiles/CMakeTmp/CMakeFiles 1]
  ignore line: [Building C object CMakeFiles/cmTryCompileExec1109016129.dir/CMakeCCompilerABI.c.o]
  ignore line: [/usr/bin/gcc   -isysroot /Applications/Xcode.app/Contents/Developer/Platforms/MacOSX.platform/Developer/SDKs/MacOSX10.9.sdk   -o CMakeFiles/cmTryCompileExec1109016129.dir/CMakeCCompilerABI.c.o   -c /Applications/CMake.app/Contents/share/cmake-3.0/Modules/CMakeCCompilerABI.c]
  ignore line: [Linking C executable cmTryCompileExec1109016129]
  ignore line: [/Applications/CMake.app/Contents/bin/cmake -E cmake_link_script CMakeFiles/cmTryCompileExec1109016129.dir/link.txt --verbose=1]
  ignore line: [/usr/bin/gcc    -isysroot /Applications/Xcode.app/Contents/Developer/Platforms/MacOSX.platform/Developer/SDKs/MacOSX10.9.sdk -Wl,-search_paths_first -Wl,-headerpad_max_install_names -v -Wl,-v CMakeFiles/cmTryCompileExec1109016129.dir/CMakeCCompilerABI.c.o  -o cmTryCompileExec1109016129   ]
  ignore line: [Apple LLVM version 5.1 (clang-503.0.40) (based on LLVM 3.4svn)]
  ignore line: [Target: x86_64-apple-darwin13.4.0]
  ignore line: [Thread model: posix]
  link line: [ "/Applications/Xcode.app/Contents/Developer/Toolchains/XcodeDefault.xctoolchain/usr/bin/ld" -demangle -dynamic -arch x86_64 -macosx_version_min 10.9.0 -syslibroot /Applications/Xcode.app/Contents/Developer/Platforms/MacOSX.platform/Developer/SDKs/MacOSX10.9.sdk -o cmTryCompileExec1109016129 -search_paths_first -headerpad_max_install_names -v CMakeFiles/cmTryCompileExec1109016129.dir/CMakeCCompilerABI.c.o -lSystem /Applications/Xcode.app/Contents/Developer/Toolchains/XcodeDefault.xctoolchain/usr/bin/../lib/clang/5.1/lib/darwin/libclang_rt.osx.a]
    arg [/Applications/Xcode.app/Contents/Developer/Toolchains/XcodeDefault.xctoolchain/usr/bin/ld] ==> ignore
    arg [-demangle] ==> ignore
    arg [-dynamic] ==> ignore
    arg [-arch] ==> ignore
    arg [x86_64] ==> ignore
    arg [-macosx_version_min] ==> ignore
    arg [10.9.0] ==> ignore
    arg [-syslibroot] ==> ignore
    arg [/Applications/Xcode.app/Contents/Developer/Platforms/MacOSX.platform/Developer/SDKs/MacOSX10.9.sdk] ==> ignore
    arg [-o] ==> ignore
    arg [cmTryCompileExec1109016129] ==> ignore
    arg [-search_paths_first] ==> ignore
    arg [-headerpad_max_install_names] ==> ignore
    arg [-v] ==> ignore
    arg [CMakeFiles/cmTryCompileExec1109016129.dir/CMakeCCompilerABI.c.o] ==> ignore
    arg [-lSystem] ==> lib [System]
    arg [/Applications/Xcode.app/Contents/Developer/Toolchains/XcodeDefault.xctoolchain/usr/bin/../lib/clang/5.1/lib/darwin/libclang_rt.osx.a] ==> lib [/Applications/Xcode.app/Contents/Developer/Toolchains/XcodeDefault.xctoolchain/usr/bin/../lib/clang/5.1/lib/darwin/libclang_rt.osx.a]
  Library search paths: [;/Applications/Xcode.app/Contents/Developer/Platforms/MacOSX.platform/Developer/SDKs/MacOSX10.9.sdk/usr/lib]
  Framework search paths: [;/Applications/Xcode.app/Contents/Developer/Platforms/MacOSX.platform/Developer/SDKs/MacOSX10.9.sdk/System/Library/Frameworks/]
  remove lib [System]
  collapse lib [/Applications/Xcode.app/Contents/Developer/Toolchains/XcodeDefault.xctoolchain/usr/bin/../lib/clang/5.1/lib/darwin/libclang_rt.osx.a] ==> [/Applications/Xcode.app/Contents/Developer/Toolchains/XcodeDefault.xctoolchain/usr/lib/clang/5.1/lib/darwin/libclang_rt.osx.a]
  collapse library dir [/Applications/Xcode.app/Contents/Developer/Platforms/MacOSX.platform/Developer/SDKs/MacOSX10.9.sdk/usr/lib] ==> [/Applications/Xcode.app/Contents/Developer/Platforms/MacOSX.platform/Developer/SDKs/MacOSX10.9.sdk/usr/lib]
  collapse framework dir [/Applications/Xcode.app/Contents/Developer/Platforms/MacOSX.platform/Developer/SDKs/MacOSX10.9.sdk/System/Library/Frameworks/] ==> [/Applications/Xcode.app/Contents/Developer/Platforms/MacOSX.platform/Developer/SDKs/MacOSX10.9.sdk/System/Library/Frameworks]
  implicit libs: [/Applications/Xcode.app/Contents/Developer/Toolchains/XcodeDefault.xctoolchain/usr/lib/clang/5.1/lib/darwin/libclang_rt.osx.a]
  implicit dirs: [/Applications/Xcode.app/Contents/Developer/Platforms/MacOSX.platform/Developer/SDKs/MacOSX10.9.sdk/usr/lib]
  implicit fwks: [/Applications/Xcode.app/Contents/Developer/Platforms/MacOSX.platform/Developer/SDKs/MacOSX10.9.sdk/System/Library/Frameworks]


Determining if the include file sys/types.h exists passed with the following output:
Change Dir: /Users/gustaffjaestad/Documents/Programmering/LEGO/opencv-2.4.9/build/CMakeFiles/CMakeTmp

Run Build Command:"/usr/bin/make" "cmTryCompileExec589094412/fast"
/Applications/Xcode.app/Contents/Developer/usr/bin/make -f CMakeFiles/cmTryCompileExec589094412.dir/build.make CMakeFiles/cmTryCompileExec589094412.dir/build
/Applications/CMake.app/Contents/bin/cmake -E cmake_progress_report /Users/gustaffjaestad/Documents/Programmering/LEGO/opencv-2.4.9/build/CMakeFiles/CMakeTmp/CMakeFiles 1
Building C object CMakeFiles/cmTryCompileExec589094412.dir/CheckIncludeFile.c.o
/usr/bin/gcc   -fsigned-char -W -Werror=return-type -Werror=address -Werror=sequence-point -Wformat -Werror=format-security -Wmissing-declarations -Wmissing-prototypes -Wstrict-prototypes -Wundef -Winit-self -Wpointer-arith -Wshadow -Wsign-promo -Wno-narrowing -Wno-delete-non-virtual-dtor -Wno-unnamed-type-template-args -fdiagnostics-show-option -Wno-long-long -fno-omit-frame-pointer -msse -msse2 -msse3  -O3 -DNDEBUG -isysroot /Applications/Xcode.app/Contents/Developer/Platforms/MacOSX.platform/Developer/SDKs/MacOSX10.9.sdk   -o CMakeFiles/cmTryCompileExec589094412.dir/CheckIncludeFile.c.o   -c /Users/gustaffjaestad/Documents/Programmering/LEGO/opencv-2.4.9/build/CMakeFiles/CMakeTmp/CheckIncludeFile.c
Linking C executable cmTryCompileExec589094412
/Applications/CMake.app/Contents/bin/cmake -E cmake_link_script CMakeFiles/cmTryCompileExec589094412.dir/link.txt --verbose=1
/usr/bin/gcc     -fsigned-char -W -Werror=return-type -Werror=address -Werror=sequence-point -Wformat -Werror=format-security -Wmissing-declarations -Wmissing-prototypes -Wstrict-prototypes -Wundef -Winit-self -Wpointer-arith -Wshadow -Wsign-promo -Wno-narrowing -Wno-delete-non-virtual-dtor -Wno-unnamed-type-template-args -fdiagnostics-show-option -Wno-long-long -fno-omit-frame-pointer -msse -msse2 -msse3  -O3 -DNDEBUG -isysroot /Applications/Xcode.app/Contents/Developer/Platforms/MacOSX.platform/Developer/SDKs/MacOSX10.9.sdk -Wl,-search_paths_first -Wl,-headerpad_max_install_names   CMakeFiles/cmTryCompileExec589094412.dir/CheckIncludeFile.c.o  -o cmTryCompileExec589094412  


Determining if the include file stdint.h exists passed with the following output:
Change Dir: /Users/gustaffjaestad/Documents/Programmering/LEGO/opencv-2.4.9/build/CMakeFiles/CMakeTmp

Run Build Command:"/usr/bin/make" "cmTryCompileExec685558980/fast"
/Applications/Xcode.app/Contents/Developer/usr/bin/make -f CMakeFiles/cmTryCompileExec685558980.dir/build.make CMakeFiles/cmTryCompileExec685558980.dir/build
/Applications/CMake.app/Contents/bin/cmake -E cmake_progress_report /Users/gustaffjaestad/Documents/Programmering/LEGO/opencv-2.4.9/build/CMakeFiles/CMakeTmp/CMakeFiles 1
Building C object CMakeFiles/cmTryCompileExec685558980.dir/CheckIncludeFile.c.o
/usr/bin/gcc   -fsigned-char -W -Werror=return-type -Werror=address -Werror=sequence-point -Wformat -Werror=format-security -Wmissing-declarations -Wmissing-prototypes -Wstrict-prototypes -Wundef -Winit-self -Wpointer-arith -Wshadow -Wsign-promo -Wno-narrowing -Wno-delete-non-virtual-dtor -Wno-unnamed-type-template-args -fdiagnostics-show-option -Wno-long-long -fno-omit-frame-pointer -msse -msse2 -msse3  -O3 -DNDEBUG -isysroot /Applications/Xcode.app/Contents/Developer/Platforms/MacOSX.platform/Developer/SDKs/MacOSX10.9.sdk   -o CMakeFiles/cmTryCompileExec685558980.dir/CheckIncludeFile.c.o   -c /Users/gustaffjaestad/Documents/Programmering/LEGO/opencv-2.4.9/build/CMakeFiles/CMakeTmp/CheckIncludeFile.c
Linking C executable cmTryCompileExec685558980
/Applications/CMake.app/Contents/bin/cmake -E cmake_link_script CMakeFiles/cmTryCompileExec685558980.dir/link.txt --verbose=1
/usr/bin/gcc     -fsigned-char -W -Werror=return-type -Werror=address -Werror=sequence-point -Wformat -Werror=format-security -Wmissing-declarations -Wmissing-prototypes -Wstrict-prototypes -Wundef -Winit-self -Wpointer-arith -Wshadow -Wsign-promo -Wno-narrowing -Wno-delete-non-virtual-dtor -Wno-unnamed-type-template-args -fdiagnostics-show-option -Wno-long-long -fno-omit-frame-pointer -msse -msse2 -msse3  -O3 -DNDEBUG -isysroot /Applications/Xcode.app/Contents/Developer/Platforms/MacOSX.platform/Developer/SDKs/MacOSX10.9.sdk -Wl,-search_paths_first -Wl,-headerpad_max_install_names   CMakeFiles/cmTryCompileExec685558980.dir/CheckIncludeFile.c.o  -o cmTryCompileExec685558980  


Determining if the include file stddef.h exists passed with the following output:
Change Dir: /Users/gustaffjaestad/Documents/Programmering/LEGO/opencv-2.4.9/build/CMakeFiles/CMakeTmp

Run Build Command:"/usr/bin/make" "cmTryCompileExec3719871182/fast"
/Applications/Xcode.app/Contents/Developer/usr/bin/make -f CMakeFiles/cmTryCompileExec3719871182.dir/build.make CMakeFiles/cmTryCompileExec3719871182.dir/build
/Applications/CMake.app/Contents/bin/cmake -E cmake_progress_report /Users/gustaffjaestad/Documents/Programmering/LEGO/opencv-2.4.9/build/CMakeFiles/CMakeTmp/CMakeFiles 1
Building C object CMakeFiles/cmTryCompileExec3719871182.dir/CheckIncludeFile.c.o
/usr/bin/gcc   -fsigned-char -W -Werror=return-type -Werror=address -Werror=sequence-point -Wformat -Werror=format-security -Wmissing-declarations -Wmissing-prototypes -Wstrict-prototypes -Wundef -Winit-self -Wpointer-arith -Wshadow -Wsign-promo -Wno-narrowing -Wno-delete-non-virtual-dtor -Wno-unnamed-type-template-args -fdiagnostics-show-option -Wno-long-long -fno-omit-frame-pointer -msse -msse2 -msse3  -O3 -DNDEBUG -isysroot /Applications/Xcode.app/Contents/Developer/Platforms/MacOSX.platform/Developer/SDKs/MacOSX10.9.sdk   -o CMakeFiles/cmTryCompileExec3719871182.dir/CheckIncludeFile.c.o   -c /Users/gustaffjaestad/Documents/Programmering/LEGO/opencv-2.4.9/build/CMakeFiles/CMakeTmp/CheckIncludeFile.c
Linking C executable cmTryCompileExec3719871182
/Applications/CMake.app/Contents/bin/cmake -E cmake_link_script CMakeFiles/cmTryCompileExec3719871182.dir/link.txt --verbose=1
/usr/bin/gcc     -fsigned-char -W -Werror=return-type -Werror=address -Werror=sequence-point -Wformat -Werror=format-security -Wmissing-declarations -Wmissing-prototypes -Wstrict-prototypes -Wundef -Winit-self -Wpointer-arith -Wshadow -Wsign-promo -Wno-narrowing -Wno-delete-non-virtual-dtor -Wno-unnamed-type-template-args -fdiagnostics-show-option -Wno-long-long -fno-omit-frame-pointer -msse -msse2 -msse3  -O3 -DNDEBUG -isysroot /Applications/Xcode.app/Contents/Developer/Platforms/MacOSX.platform/Developer/SDKs/MacOSX10.9.sdk -Wl,-search_paths_first -Wl,-headerpad_max_install_names   CMakeFiles/cmTryCompileExec3719871182.dir/CheckIncludeFile.c.o  -o cmTryCompileExec3719871182  


Determining size of unsigned short passed with the following output:
Change Dir: /Users/gustaffjaestad/Documents/Programmering/LEGO/opencv-2.4.9/build/CMakeFiles/CMakeTmp

Run Build Command:"/usr/bin/make" "cmTryCompileExec338713979/fast"
/Applications/Xcode.app/Contents/Developer/usr/bin/make -f CMakeFiles/cmTryCompileExec338713979.dir/build.make CMakeFiles/cmTryCompileExec338713979.dir/build
/Applications/CMake.app/Contents/bin/cmake -E cmake_progress_report /Users/gustaffjaestad/Documents/Programmering/LEGO/opencv-2.4.9/build/CMakeFiles/CMakeTmp/CMakeFiles 1
Building C object CMakeFiles/cmTryCompileExec338713979.dir/CMAKE_SIZEOF_UNSIGNED_SHORT.c.o
/usr/bin/gcc   -fsigned-char -W -Werror=return-type -Werror=address -Werror=sequence-point -Wformat -Werror=format-security -Wmissing-declarations -Wmissing-prototypes -Wstrict-prototypes -Wundef -Winit-self -Wpointer-arith -Wshadow -Wsign-promo -Wno-narrowing -Wno-delete-non-virtual-dtor -Wno-unnamed-type-template-args -fdiagnostics-show-option -Wno-long-long -fno-omit-frame-pointer -msse -msse2 -msse3  -O3 -DNDEBUG -isysroot /Applications/Xcode.app/Contents/Developer/Platforms/MacOSX.platform/Developer/SDKs/MacOSX10.9.sdk   -o CMakeFiles/cmTryCompileExec338713979.dir/CMAKE_SIZEOF_UNSIGNED_SHORT.c.o   -c /Users/gustaffjaestad/Documents/Programmering/LEGO/opencv-2.4.9/build/CMakeFiles/CheckTypeSize/CMAKE_SIZEOF_UNSIGNED_SHORT.c
Linking C executable cmTryCompileExec338713979
/Applications/CMake.app/Contents/bin/cmake -E cmake_link_script CMakeFiles/cmTryCompileExec338713979.dir/link.txt --verbose=1
/usr/bin/gcc     -fsigned-char -W -Werror=return-type -Werror=address -Werror=sequence-point -Wformat -Werror=format-security -Wmissing-declarations -Wmissing-prototypes -Wstrict-prototypes -Wundef -Winit-self -Wpointer-arith -Wshadow -Wsign-promo -Wno-narrowing -Wno-delete-non-virtual-dtor -Wno-unnamed-type-template-args -fdiagnostics-show-option -Wno-long-long -fno-omit-frame-pointer -msse -msse2 -msse3  -O3 -DNDEBUG -isysroot /Applications/Xcode.app/Contents/Developer/Platforms/MacOSX.platform/Developer/SDKs/MacOSX10.9.sdk -Wl,-search_paths_first -Wl,-headerpad_max_install_names   CMakeFiles/cmTryCompileExec338713979.dir/CMAKE_SIZEOF_UNSIGNED_SHORT.c.o  -o cmTryCompileExec338713979  


Determining if the function fseeko exists passed with the following output:
Change Dir: /Users/gustaffjaestad/Documents/Programmering/LEGO/opencv-2.4.9/build/CMakeFiles/CMakeTmp

Run Build Command:"/usr/bin/make" "cmTryCompileExec1378221634/fast"
/Applications/Xcode.app/Contents/Developer/usr/bin/make -f CMakeFiles/cmTryCompileExec1378221634.dir/build.make CMakeFiles/cmTryCompileExec1378221634.dir/build
/Applications/CMake.app/Contents/bin/cmake -E cmake_progress_report /Users/gustaffjaestad/Documents/Programmering/LEGO/opencv-2.4.9/build/CMakeFiles/CMakeTmp/CMakeFiles 1
Building C object CMakeFiles/cmTryCompileExec1378221634.dir/CheckFunctionExists.c.o
/usr/bin/gcc   -fsigned-char -W -Werror=return-type -Werror=address -Werror=sequence-point -Wformat -Werror=format-security -Wmissing-declarations -Wmissing-prototypes -Wstrict-prototypes -Wundef -Winit-self -Wpointer-arith -Wshadow -Wsign-promo -Wno-narrowing -Wno-delete-non-virtual-dtor -Wno-unnamed-type-template-args -fdiagnostics-show-option -Wno-long-long -fno-omit-frame-pointer -msse -msse2 -msse3 -DCHECK_FUNCTION_EXISTS=fseeko -O3 -DNDEBUG -isysroot /Applications/Xcode.app/Contents/Developer/Platforms/MacOSX.platform/Developer/SDKs/MacOSX10.9.sdk   -o CMakeFiles/cmTryCompileExec1378221634.dir/CheckFunctionExists.c.o   -c /Applications/CMake.app/Contents/share/cmake-3.0/Modules/CheckFunctionExists.c
Linking C executable cmTryCompileExec1378221634
/Applications/CMake.app/Contents/bin/cmake -E cmake_link_script CMakeFiles/cmTryCompileExec1378221634.dir/link.txt --verbose=1
/usr/bin/gcc     -fsigned-char -W -Werror=return-type -Werror=address -Werror=sequence-point -Wformat -Werror=format-security -Wmissing-declarations -Wmissing-prototypes -Wstrict-prototypes -Wundef -Winit-self -Wpointer-arith -Wshadow -Wsign-promo -Wno-narrowing -Wno-delete-non-virtual-dtor -Wno-unnamed-type-template-args -fdiagnostics-show-option -Wno-long-long -fno-omit-frame-pointer -msse -msse2 -msse3 -DCHECK_FUNCTION_EXISTS=fseeko -O3 -DNDEBUG -isysroot /Applications/Xcode.app/Contents/Developer/Platforms/MacOSX.platform/Developer/SDKs/MacOSX10.9.sdk -Wl,-search_paths_first -Wl,-headerpad_max_install_names   CMakeFiles/cmTryCompileExec1378221634.dir/CheckFunctionExists.c.o  -o cmTryCompileExec1378221634  


Determining if the include file unistd.h exists passed with the following output:
Change Dir: /Users/gustaffjaestad/Documents/Programmering/LEGO/opencv-2.4.9/build/CMakeFiles/CMakeTmp

Run Build Command:"/usr/bin/make" "cmTryCompileExec2475139168/fast"
/Applications/Xcode.app/Contents/Developer/usr/bin/make -f CMakeFiles/cmTryCompileExec2475139168.dir/build.make CMakeFiles/cmTryCompileExec2475139168.dir/build
/Applications/CMake.app/Contents/bin/cmake -E cmake_progress_report /Users/gustaffjaestad/Documents/Programmering/LEGO/opencv-2.4.9/build/CMakeFiles/CMakeTmp/CMakeFiles 1
Building C object CMakeFiles/cmTryCompileExec2475139168.dir/CheckIncludeFile.c.o
/usr/bin/gcc   -fsigned-char -W -Werror=return-type -Werror=address -Werror=sequence-point -Wformat -Werror=format-security -Wmissing-declarations -Wmissing-prototypes -Wstrict-prototypes -Wundef -Winit-self -Wpointer-arith -Wshadow -Wsign-promo -Wno-narrowing -Wno-delete-non-virtual-dtor -Wno-unnamed-type-template-args -fdiagnostics-show-option -Wno-long-long -fno-omit-frame-pointer -msse -msse2 -msse3  -O3 -DNDEBUG -isysroot /Applications/Xcode.app/Contents/Developer/Platforms/MacOSX.platform/Developer/SDKs/MacOSX10.9.sdk   -o CMakeFiles/cmTryCompileExec2475139168.dir/CheckIncludeFile.c.o   -c /Users/gustaffjaestad/Documents/Programmering/LEGO/opencv-2.4.9/build/CMakeFiles/CMakeTmp/CheckIncludeFile.c
Linking C executable cmTryCompileExec2475139168
/Applications/CMake.app/Contents/bin/cmake -E cmake_link_script CMakeFiles/cmTryCompileExec2475139168.dir/link.txt --verbose=1
/usr/bin/gcc     -fsigned-char -W -Werror=return-type -Werror=address -Werror=sequence-point -Wformat -Werror=format-security -Wmissing-declarations -Wmissing-prototypes -Wstrict-prototypes -Wundef -Winit-self -Wpointer-arith -Wshadow -Wsign-promo -Wno-narrowing -Wno-delete-non-virtual-dtor -Wno-unnamed-type-template-args -fdiagnostics-show-option -Wno-long-long -fno-omit-frame-pointer -msse -msse2 -msse3  -O3 -DNDEBUG -isysroot /Applications/Xcode.app/Contents/Developer/Platforms/MacOSX.platform/Developer/SDKs/MacOSX10.9.sdk -Wl,-search_paths_first -Wl,-headerpad_max_install_names   CMakeFiles/cmTryCompileExec2475139168.dir/CheckIncludeFile.c.o  -o cmTryCompileExec2475139168  


Determining if the include file assert.h exists passed with the following output:
Change Dir: /Users/gustaffjaestad/Documents/Programmering/LEGO/opencv-2.4.9/build/CMakeFiles/CMakeTmp

Run Build Command:"/usr/bin/make" "cmTryCompileExec352750102/fast"
/Applications/Xcode.app/Contents/Developer/usr/bin/make -f CMakeFiles/cmTryCompileExec352750102.dir/build.make CMakeFiles/cmTryCompileExec352750102.dir/build
/Applications/CMake.app/Contents/bin/cmake -E cmake_progress_report /Users/gustaffjaestad/Documents/Programmering/LEGO/opencv-2.4.9/build/CMakeFiles/CMakeTmp/CMakeFiles 1
Building C object CMakeFiles/cmTryCompileExec352750102.dir/CheckIncludeFile.c.o
/usr/bin/gcc   -fsigned-char -W -Werror=return-type -Werror=address -Werror=sequence-point -Wformat -Werror=format-security -Wmissing-declarations -Wmissing-prototypes -Wstrict-prototypes -Wundef -Winit-self -Wpointer-arith -Wshadow -Wsign-promo -Wno-narrowing -Wno-delete-non-virtual-dtor -Wno-unnamed-type-template-args -fdiagnostics-show-option -Wno-long-long -fno-omit-frame-pointer -msse -msse2 -msse3  -O3 -DNDEBUG -isysroot /Applications/Xcode.app/Contents/Developer/Platforms/MacOSX.platform/Developer/SDKs/MacOSX10.9.sdk   -o CMakeFiles/cmTryCompileExec352750102.dir/CheckIncludeFile.c.o   -c /Users/gustaffjaestad/Documents/Programmering/LEGO/opencv-2.4.9/build/CMakeFiles/CMakeTmp/CheckIncludeFile.c
Linking C executable cmTryCompileExec352750102
/Applications/CMake.app/Contents/bin/cmake -E cmake_link_script CMakeFiles/cmTryCompileExec352750102.dir/link.txt --verbose=1
/usr/bin/gcc     -fsigned-char -W -Werror=return-type -Werror=address -Werror=sequence-point -Wformat -Werror=format-security -Wmissing-declarations -Wmissing-prototypes -Wstrict-prototypes -Wundef -Winit-self -Wpointer-arith -Wshadow -Wsign-promo -Wno-narrowing -Wno-delete-non-virtual-dtor -Wno-unnamed-type-template-args -fdiagnostics-show-option -Wno-long-long -fno-omit-frame-pointer -msse -msse2 -msse3  -O3 -DNDEBUG -isysroot /Applications/Xcode.app/Contents/Developer/Platforms/MacOSX.platform/Developer/SDKs/MacOSX10.9.sdk -Wl,-search_paths_first -Wl,-headerpad_max_install_names   CMakeFiles/cmTryCompileExec352750102.dir/CheckIncludeFile.c.o  -o cmTryCompileExec352750102  


Determining if the include file fcntl.h exists passed with the following output:
Change Dir: /Users/gustaffjaestad/Documents/Programmering/LEGO/opencv-2.4.9/build/CMakeFiles/CMakeTmp

Run Build Command:"/usr/bin/make" "cmTryCompileExec2215022823/fast"
/Applications/Xcode.app/Contents/Developer/usr/bin/make -f CMakeFiles/cmTryCompileExec2215022823.dir/build.make CMakeFiles/cmTryCompileExec2215022823.dir/build
/Applications/CMake.app/Contents/bin/cmake -E cmake_progress_report /Users/gustaffjaestad/Documents/Programmering/LEGO/opencv-2.4.9/build/CMakeFiles/CMakeTmp/CMakeFiles 1
Building C object CMakeFiles/cmTryCompileExec2215022823.dir/CheckIncludeFile.c.o
/usr/bin/gcc   -fsigned-char -W -Werror=return-type -Werror=address -Werror=sequence-point -Wformat -Werror=format-security -Wmissing-declarations -Wmissing-prototypes -Wstrict-prototypes -Wundef -Winit-self -Wpointer-arith -Wshadow -Wsign-promo -Wno-narrowing -Wno-delete-non-virtual-dtor -Wno-unnamed-type-template-args -fdiagnostics-show-option -Wno-long-long -fno-omit-frame-pointer -msse -msse2 -msse3  -O3 -DNDEBUG -isysroot /Applications/Xcode.app/Contents/Developer/Platforms/MacOSX.platform/Developer/SDKs/MacOSX10.9.sdk   -o CMakeFiles/cmTryCompileExec2215022823.dir/CheckIncludeFile.c.o   -c /Users/gustaffjaestad/Documents/Programmering/LEGO/opencv-2.4.9/build/CMakeFiles/CMakeTmp/CheckIncludeFile.c
Linking C executable cmTryCompileExec2215022823
/Applications/CMake.app/Contents/bin/cmake -E cmake_link_script CMakeFiles/cmTryCompileExec2215022823.dir/link.txt --verbose=1
/usr/bin/gcc     -fsigned-char -W -Werror=return-type -Werror=address -Werror=sequence-point -Wformat -Werror=format-security -Wmissing-declarations -Wmissing-prototypes -Wstrict-prototypes -Wundef -Winit-self -Wpointer-arith -Wshadow -Wsign-promo -Wno-narrowing -Wno-delete-non-virtual-dtor -Wno-unnamed-type-template-args -fdiagnostics-show-option -Wno-long-long -fno-omit-frame-pointer -msse -msse2 -msse3  -O3 -DNDEBUG -isysroot /Applications/Xcode.app/Contents/Developer/Platforms/MacOSX.platform/Developer/SDKs/MacOSX10.9.sdk -Wl,-search_paths_first -Wl,-headerpad_max_install_names   CMakeFiles/cmTryCompileExec2215022823.dir/CheckIncludeFile.c.o  -o cmTryCompileExec2215022823  


Determining if the function mmap exists passed with the following output:
Change Dir: /Users/gustaffjaestad/Documents/Programmering/LEGO/opencv-2.4.9/build/CMakeFiles/CMakeTmp

Run Build Command:"/usr/bin/make" "cmTryCompileExec1518807060/fast"
/Applications/Xcode.app/Contents/Developer/usr/bin/make -f CMakeFiles/cmTryCompileExec1518807060.dir/build.make CMakeFiles/cmTryCompileExec1518807060.dir/build
/Applications/CMake.app/Contents/bin/cmake -E cmake_progress_report /Users/gustaffjaestad/Documents/Programmering/LEGO/opencv-2.4.9/build/CMakeFiles/CMakeTmp/CMakeFiles 1
Building C object CMakeFiles/cmTryCompileExec1518807060.dir/CheckFunctionExists.c.o
/usr/bin/gcc   -fsigned-char -W -Werror=return-type -Werror=address -Werror=sequence-point -Wformat -Werror=format-security -Wmissing-declarations -Wmissing-prototypes -Wstrict-prototypes -Wundef -Winit-self -Wpointer-arith -Wshadow -Wsign-promo -Wno-narrowing -Wno-delete-non-virtual-dtor -Wno-unnamed-type-template-args -fdiagnostics-show-option -Wno-long-long -fno-omit-frame-pointer -msse -msse2 -msse3 -DCHECK_FUNCTION_EXISTS=mmap -O3 -DNDEBUG -isysroot /Applications/Xcode.app/Contents/Developer/Platforms/MacOSX.platform/Developer/SDKs/MacOSX10.9.sdk   -o CMakeFiles/cmTryCompileExec1518807060.dir/CheckFunctionExists.c.o   -c /Applications/CMake.app/Contents/share/cmake-3.0/Modules/CheckFunctionExists.c
Linking C executable cmTryCompileExec1518807060
/Applications/CMake.app/Contents/bin/cmake -E cmake_link_script CMakeFiles/cmTryCompileExec1518807060.dir/link.txt --verbose=1
/usr/bin/gcc     -fsigned-char -W -Werror=return-type -Werror=address -Werror=sequence-point -Wformat -Werror=format-security -Wmissing-declarations -Wmissing-prototypes -Wstrict-prototypes -Wundef -Winit-self -Wpointer-arith -Wshadow -Wsign-promo -Wno-narrowing -Wno-delete-non-virtual-dtor -Wno-unnamed-type-template-args -fdiagnostics-show-option -Wno-long-long -fno-omit-frame-pointer -msse -msse2 -msse3 -DCHECK_FUNCTION_EXISTS=mmap -O3 -DNDEBUG -isysroot /Applications/Xcode.app/Contents/Developer/Platforms/MacOSX.platform/Developer/SDKs/MacOSX10.9.sdk -Wl,-search_paths_first -Wl,-headerpad_max_install_names   CMakeFiles/cmTryCompileExec1518807060.dir/CheckFunctionExists.c.o  -o cmTryCompileExec1518807060  


Determining if the include file search.h exists passed with the following output:
Change Dir: /Users/gustaffjaestad/Documents/Programmering/LEGO/opencv-2.4.9/build/CMakeFiles/CMakeTmp

Run Build Command:"/usr/bin/make" "cmTryCompileExec1518477882/fast"
/Applications/Xcode.app/Contents/Developer/usr/bin/make -f CMakeFiles/cmTryCompileExec1518477882.dir/build.make CMakeFiles/cmTryCompileExec1518477882.dir/build
/Applications/CMake.app/Contents/bin/cmake -E cmake_progress_report /Users/gustaffjaestad/Documents/Programmering/LEGO/opencv-2.4.9/build/CMakeFiles/CMakeTmp/CMakeFiles 1
Building C object CMakeFiles/cmTryCompileExec1518477882.dir/CheckIncludeFile.c.o
/usr/bin/gcc   -fsigned-char -W -Werror=return-type -Werror=address -Werror=sequence-point -Wformat -Werror=format-security -Wmissing-declarations -Wmissing-prototypes -Wstrict-prototypes -Wundef -Winit-self -Wpointer-arith -Wshadow -Wsign-promo -Wno-narrowing -Wno-delete-non-virtual-dtor -Wno-unnamed-type-template-args -fdiagnostics-show-option -Wno-long-long -fno-omit-frame-pointer -msse -msse2 -msse3  -O3 -DNDEBUG -isysroot /Applications/Xcode.app/Contents/Developer/Platforms/MacOSX.platform/Developer/SDKs/MacOSX10.9.sdk   -o CMakeFiles/cmTryCompileExec1518477882.dir/CheckIncludeFile.c.o   -c /Users/gustaffjaestad/Documents/Programmering/LEGO/opencv-2.4.9/build/CMakeFiles/CMakeTmp/CheckIncludeFile.c
Linking C executable cmTryCompileExec1518477882
/Applications/CMake.app/Contents/bin/cmake -E cmake_link_script CMakeFiles/cmTryCompileExec1518477882.dir/link.txt --verbose=1
/usr/bin/gcc     -fsigned-char -W -Werror=return-type -Werror=address -Werror=sequence-point -Wformat -Werror=format-security -Wmissing-declarations -Wmissing-prototypes -Wstrict-prototypes -Wundef -Winit-self -Wpointer-arith -Wshadow -Wsign-promo -Wno-narrowing -Wno-delete-non-virtual-dtor -Wno-unnamed-type-template-args -fdiagnostics-show-option -Wno-long-long -fno-omit-frame-pointer -msse -msse2 -msse3  -O3 -DNDEBUG -isysroot /Applications/Xcode.app/Contents/Developer/Platforms/MacOSX.platform/Developer/SDKs/MacOSX10.9.sdk -Wl,-search_paths_first -Wl,-headerpad_max_install_names   CMakeFiles/cmTryCompileExec1518477882.dir/CheckIncludeFile.c.o  -o cmTryCompileExec1518477882  


Determining if the include file string.h exists passed with the following output:
Change Dir: /Users/gustaffjaestad/Documents/Programmering/LEGO/opencv-2.4.9/build/CMakeFiles/CMakeTmp

Run Build Command:"/usr/bin/make" "cmTryCompileExec3826024152/fast"
/Applications/Xcode.app/Contents/Developer/usr/bin/make -f CMakeFiles/cmTryCompileExec3826024152.dir/build.make CMakeFiles/cmTryCompileExec3826024152.dir/build
/Applications/CMake.app/Contents/bin/cmake -E cmake_progress_report /Users/gustaffjaestad/Documents/Programmering/LEGO/opencv-2.4.9/build/CMakeFiles/CMakeTmp/CMakeFiles 1
Building C object CMakeFiles/cmTryCompileExec3826024152.dir/CheckIncludeFile.c.o
/usr/bin/gcc   -fsigned-char -W -Werror=return-type -Werror=address -Werror=sequence-point -Wformat -Werror=format-security -Wmissing-declarations -Wmissing-prototypes -Wstrict-prototypes -Wundef -Winit-self -Wpointer-arith -Wshadow -Wsign-promo -Wno-narrowing -Wno-delete-non-virtual-dtor -Wno-unnamed-type-template-args -fdiagnostics-show-option -Wno-long-long -fno-omit-frame-pointer -msse -msse2 -msse3  -O3 -DNDEBUG -isysroot /Applications/Xcode.app/Contents/Developer/Platforms/MacOSX.platform/Developer/SDKs/MacOSX10.9.sdk   -o CMakeFiles/cmTryCompileExec3826024152.dir/CheckIncludeFile.c.o   -c /Users/gustaffjaestad/Documents/Programmering/LEGO/opencv-2.4.9/build/CMakeFiles/CMakeTmp/CheckIncludeFile.c
Linking C executable cmTryCompileExec3826024152
/Applications/CMake.app/Contents/bin/cmake -E cmake_link_script CMakeFiles/cmTryCompileExec3826024152.dir/link.txt --verbose=1
/usr/bin/gcc     -fsigned-char -W -Werror=return-type -Werror=address -Werror=sequence-point -Wformat -Werror=format-security -Wmissing-declarations -Wmissing-prototypes -Wstrict-prototypes -Wundef -Winit-self -Wpointer-arith -Wshadow -Wsign-promo -Wno-narrowing -Wno-delete-non-virtual-dtor -Wno-unnamed-type-template-args -fdiagnostics-show-option -Wno-long-long -fno-omit-frame-pointer -msse -msse2 -msse3  -O3 -DNDEBUG -isysroot /Applications/Xcode.app/Contents/Developer/Platforms/MacOSX.platform/Developer/SDKs/MacOSX10.9.sdk -Wl,-search_paths_first -Wl,-headerpad_max_install_names   CMakeFiles/cmTryCompileExec3826024152.dir/CheckIncludeFile.c.o  -o cmTryCompileExec3826024152  


Determining if the include file unistd.h exists passed with the following output:
Change Dir: /Users/gustaffjaestad/Documents/Programmering/LEGO/opencv-2.4.9/build/CMakeFiles/CMakeTmp

Run Build Command:"/usr/bin/make" "cmTryCompileExec2676039397/fast"
/Applications/Xcode.app/Contents/Developer/usr/bin/make -f CMakeFiles/cmTryCompileExec2676039397.dir/build.make CMakeFiles/cmTryCompileExec2676039397.dir/build
/Applications/CMake.app/Contents/bin/cmake -E cmake_progress_report /Users/gustaffjaestad/Documents/Programmering/LEGO/opencv-2.4.9/build/CMakeFiles/CMakeTmp/CMakeFiles 1
Building C object CMakeFiles/cmTryCompileExec2676039397.dir/CheckIncludeFile.c.o
/usr/bin/gcc   -fsigned-char -W -Werror=return-type -Werror=address -Werror=sequence-point -Wformat -Werror=format-security -Wmissing-declarations -Wmissing-prototypes -Wstrict-prototypes -Wundef -Winit-self -Wpointer-arith -Wshadow -Wsign-promo -Wno-narrowing -Wno-delete-non-virtual-dtor -Wno-unnamed-type-template-args -fdiagnostics-show-option -Wno-long-long -fno-omit-frame-pointer -msse -msse2 -msse3  -O3 -DNDEBUG -isysroot /Applications/Xcode.app/Contents/Developer/Platforms/MacOSX.platform/Developer/SDKs/MacOSX10.9.sdk   -o CMakeFiles/cmTryCompileExec2676039397.dir/CheckIncludeFile.c.o   -c /Users/gustaffjaestad/Documents/Programmering/LEGO/opencv-2.4.9/build/CMakeFiles/CMakeTmp/CheckIncludeFile.c
Linking C executable cmTryCompileExec2676039397
/Applications/CMake.app/Contents/bin/cmake -E cmake_link_script CMakeFiles/cmTryCompileExec2676039397.dir/link.txt --verbose=1
/usr/bin/gcc     -fsigned-char -W -Werror=return-type -Werror=address -Werror=sequence-point -Wformat -Werror=format-security -Wmissing-declarations -Wmissing-prototypes -Wstrict-prototypes -Wundef -Winit-self -Wpointer-arith -Wshadow -Wsign-promo -Wno-narrowing -Wno-delete-non-virtual-dtor -Wno-unnamed-type-template-args -fdiagnostics-show-option -Wno-long-long -fno-omit-frame-pointer -msse -msse2 -msse3  -O3 -DNDEBUG -isysroot /Applications/Xcode.app/Contents/Developer/Platforms/MacOSX.platform/Developer/SDKs/MacOSX10.9.sdk -Wl,-search_paths_first -Wl,-headerpad_max_install_names   CMakeFiles/cmTryCompileExec2676039397.dir/CheckIncludeFile.c.o  -o cmTryCompileExec2676039397  


Determining if the include file semaphore.h exists passed with the following output:
Change Dir: /Users/gustaffjaestad/Documents/Programmering/LEGO/opencv-2.4.9/build/CMakeFiles/CMakeTmp

Run Build Command:"/usr/bin/make" "cmTryCompileExec1133543353/fast"
/Applications/Xcode.app/Contents/Developer/usr/bin/make -f CMakeFiles/cmTryCompileExec1133543353.dir/build.make CMakeFiles/cmTryCompileExec1133543353.dir/build
/Applications/CMake.app/Contents/bin/cmake -E cmake_progress_report /Users/gustaffjaestad/Documents/Programmering/LEGO/opencv-2.4.9/build/CMakeFiles/CMakeTmp/CMakeFiles 1
Building C object CMakeFiles/cmTryCompileExec1133543353.dir/CheckIncludeFile.c.o
/usr/bin/gcc   -fsigned-char -W -Werror=return-type -Werror=address -Werror=sequence-point -Wformat -Werror=format-security -Wmissing-declarations -Wmissing-prototypes -Wstrict-prototypes -Wundef -Winit-self -Wpointer-arith -Wshadow -Wsign-promo -Wno-narrowing -Wno-delete-non-virtual-dtor -Wno-unnamed-type-template-args -fdiagnostics-show-option -Wno-long-long -fno-omit-frame-pointer -msse -msse2 -msse3  -O3 -DNDEBUG -isysroot /Applications/Xcode.app/Contents/Developer/Platforms/MacOSX.platform/Developer/SDKs/MacOSX10.9.sdk   -o CMakeFiles/cmTryCompileExec1133543353.dir/CheckIncludeFile.c.o   -c /Users/gustaffjaestad/Documents/Programmering/LEGO/opencv-2.4.9/build/CMakeFiles/CMakeTmp/CheckIncludeFile.c
Linking C executable cmTryCompileExec1133543353
/Applications/CMake.app/Contents/bin/cmake -E cmake_link_script CMakeFiles/cmTryCompileExec1133543353.dir/link.txt --verbose=1
/usr/bin/gcc     -fsigned-char -W -Werror=return-type -Werror=address -Werror=sequence-point -Wformat -Werror=format-security -Wmissing-declarations -Wmissing-prototypes -Wstrict-prototypes -Wundef -Winit-self -Wpointer-arith -Wshadow -Wsign-promo -Wno-narrowing -Wno-delete-non-virtual-dtor -Wno-unnamed-type-template-args -fdiagnostics-show-option -Wno-long-long -fno-omit-frame-pointer -msse -msse2 -msse3  -O3 -DNDEBUG -isysroot /Applications/Xcode.app/Contents/Developer/Platforms/MacOSX.platform/Developer/SDKs/MacOSX10.9.sdk -Wl,-search_paths_first -Wl,-headerpad_max_install_names   CMakeFiles/cmTryCompileExec1133543353.dir/CheckIncludeFile.c.o  -o cmTryCompileExec1133543353  


